# JRE version: OpenJDK Runtime Environment (11.0.2+9) (build 11.0.2+9)
# Java VM: OpenJDK 64-Bit Server VM (11.0.2+9, mixed mode, tiered, compressed oops, g1 gc, windows-amd64)
Heap:
 garbage-first heap   total 63488K, used 10901K [0x00000000c2a00000, 0x0000000100000000)
  region size 1024K, 1 young (1024K), 1 survivors (1024K)
 Metaspace       used 17277K, capacity 17604K, committed 17664K, reserved 1077248K
  class space    used 1891K, capacity 2005K, committed 2048K, reserved 1048576K
GC Heap History (6 events):
Event: 0.887 GC heap before
{Heap before GC invocations=0 (full 0):
 garbage-first heap   total 63488K, used 7168K [0x00000000c2a00000, 0x0000000100000000)
  region size 1024K, 7 young (7168K), 0 survivors (0K)
 Metaspace       used 4972K, capacity 5061K, committed 5120K, reserved 1056768K
  class space    used 462K, capacity 495K, committed 512K, reserved 1048576K
}
Event: 0.898 GC heap after
{Heap after GC invocations=1 (full 0):
 garbage-first heap   total 63488K, used 5855K [0x00000000c2a00000, 0x0000000100000000)
  region size 1024K, 1 young (1024K), 1 survivors (1024K)
 Metaspace       used 4972K, capacity 5061K, committed 5120K, reserved 1056768K
  class space    used 462K, capacity 495K, committed 512K, reserved 1048576K
}
Event: 1.351 GC heap before
{Heap before GC invocations=1 (full 0):
 garbage-first heap   total 63488K, used 8927K [0x00000000c2a00000, 0x0000000100000000)
  region size 1024K, 5 young (5120K), 1 survivors (1024K)
 Metaspace       used 7360K, capacity 7593K, committed 7808K, reserved 1056768K
  class space    used 740K, capacity 809K, committed 896K, reserved 1048576K
}
Event: 1.363 GC heap after
{Heap after GC invocations=2 (full 0):
 garbage-first heap   total 63488K, used 7074K [0x00000000c2a00000, 0x0000000100000000)
  region size 1024K, 1 young (1024K), 1 survivors (1024K)
 Metaspace       used 7360K, capacity 7593K, committed 7808K, reserved 1056768K
  class space    used 740K, capacity 809K, committed 896K, reserved 1048576K
}
Event: 3.009 GC heap before
{Heap before GC invocations=2 (full 0):
 garbage-first heap   total 63488K, used 32674K [0x00000000c2a00000, 0x0000000100000000)
  region size 1024K, 27 young (27648K), 1 survivors (1024K)
 Metaspace       used 15320K, capacity 15691K, committed 15872K, reserved 1062912K
  class space    used 1670K, capacity 1792K, committed 1792K, reserved 1048576K
}
Event: 3.021 GC heap after
{Heap after GC invocations=3 (full 0):
 garbage-first heap   total 63488K, used 9948K [0x00000000c2a00000, 0x0000000100000000)
  region size 1024K, 4 young (4096K), 4 survivors (4096K)
 Metaspace       used 15320K, capacity 15691K, committed 15872K, reserved 1062912K
  class space    used 1670K, capacity 1792K, committed 1792K, reserved 1048576K
}

