# JRE version: OpenJDK Runtime Environment (11.0.2+9) (build 11.0.2+9)
# Java VM: OpenJDK 64-Bit Server VM (11.0.2+9, mixed mode, tiered, compressed oops, g1 gc, windows-amd64)
Heap:
 garbage-first heap   total 63488K, used 43957K [0x00000000c2a00000, 0x0000000100000000)
  region size 1024K, 8 young (8192K), 1 survivors (1024K)
 Metaspace       used 63801K, capacity 65596K, committed 65744K, reserved 1107968K
  class space    used 7805K, capacity 8132K, committed 8144K, reserved 1048576K
GC Heap History (10 events):
Event: 490.099 GC heap before
{Heap before GC invocations=72 (full 0):
 garbage-first heap   total 63488K, used 51576K [0x00000000c2a00000, 0x0000000100000000)
  region size 1024K, 3 young (3072K), 1 survivors (1024K)
 Metaspace       used 63592K, capacity 65408K, committed 65488K, reserved 1105920K
  class space    used 7800K, capacity 8122K, committed 8144K, reserved 1048576K
}
Event: 490.101 GC heap after
{Heap after GC invocations=73 (full 0):
 garbage-first heap   total 63488K, used 49553K [0x00000000c2a00000, 0x0000000100000000)
  region size 1024K, 1 young (1024K), 1 survivors (1024K)
 Metaspace       used 63592K, capacity 65408K, committed 65488K, reserved 1105920K
  class space    used 7800K, capacity 8122K, committed 8144K, reserved 1048576K
}
Event: 490.326 GC heap before
{Heap before GC invocations=73 (full 0):
 garbage-first heap   total 63488K, used 51601K [0x00000000c2a00000, 0x0000000100000000)
  region size 1024K, 3 young (3072K), 1 survivors (1024K)
 Metaspace       used 63614K, capacity 65408K, committed 65488K, reserved 1105920K
  class space    used 7800K, capacity 8122K, committed 8144K, reserved 1048576K
}
Event: 490.329 GC heap after
{Heap after GC invocations=74 (full 0):
 garbage-first heap   total 63488K, used 42811K [0x00000000c2a00000, 0x0000000100000000)
  region size 1024K, 1 young (1024K), 1 survivors (1024K)
 Metaspace       used 63614K, capacity 65408K, committed 65488K, reserved 1105920K
  class space    used 7800K, capacity 8122K, committed 8144K, reserved 1048576K
}
Event: 490.466 GC heap before
{Heap before GC invocations=74 (full 0):
 garbage-first heap   total 63488K, used 44859K [0x00000000c2a00000, 0x0000000100000000)
  region size 1024K, 3 young (3072K), 1 survivors (1024K)
 Metaspace       used 63621K, capacity 65408K, committed 65488K, reserved 1105920K
  class space    used 7800K, capacity 8122K, committed 8144K, reserved 1048576K
}
Event: 490.489 GC heap after
{Heap after GC invocations=75 (full 0):
 garbage-first heap   total 63488K, used 38691K [0x00000000c2a00000, 0x0000000100000000)
  region size 1024K, 1 young (1024K), 1 survivors (1024K)
 Metaspace       used 63621K, capacity 65408K, committed 65488K, reserved 1105920K
  class space    used 7800K, capacity 8122K, committed 8144K, reserved 1048576K
}
Event: 491.176 GC heap before
{Heap before GC invocations=75 (full 0):
 garbage-first heap   total 63488K, used 46883K [0x00000000c2a00000, 0x0000000100000000)
  region size 1024K, 9 young (9216K), 1 survivors (1024K)
 Metaspace       used 63677K, capacity 65472K, committed 65744K, reserved 1107968K
  class space    used 7800K, capacity 8122K, committed 8144K, reserved 1048576K
}
Event: 491.191 GC heap after
{Heap after GC invocations=76 (full 0):
 garbage-first heap   total 63488K, used 38846K [0x00000000c2a00000, 0x0000000100000000)
  region size 1024K, 1 young (1024K), 1 survivors (1024K)
 Metaspace       used 63677K, capacity 65472K, committed 65744K, reserved 1107968K
  class space    used 7800K, capacity 8122K, committed 8144K, reserved 1048576K
}
Event: 498.110 GC heap before
{Heap before GC invocations=76 (full 0):
 garbage-first heap   total 63488K, used 47038K [0x00000000c2a00000, 0x0000000100000000)
  region size 1024K, 10 young (10240K), 1 survivors (1024K)
 Metaspace       used 63723K, capacity 65490K, committed 65744K, reserved 1107968K
  class space    used 7801K, capacity 8125K, committed 8144K, reserved 1048576K
}
Event: 498.112 GC heap after
{Heap after GC invocations=77 (full 0):
 garbage-first heap   total 63488K, used 37813K [0x00000000c2a00000, 0x0000000100000000)
  region size 1024K, 1 young (1024K), 1 survivors (1024K)
 Metaspace       used 63723K, capacity 65490K, committed 65744K, reserved 1107968K
  class space    used 7801K, capacity 8125K, committed 8144K, reserved 1048576K
}

