# JRE version: OpenJDK Runtime Environment (11.0.2+9) (build 11.0.2+9)
# Java VM: OpenJDK 64-Bit Server VM (11.0.2+9, mixed mode, tiered, compressed oops, g1 gc, windows-amd64)
Heap:
 garbage-first heap   total 77824K, used 12672K [0x00000000c2a00000, 0x0000000100000000)
  region size 1024K, 1 young (1024K), 1 survivors (1024K)
 Metaspace       used 17608K, capacity 17996K, committed 18304K, reserved 1064960K
  class space    used 1923K, capacity 2071K, committed 2176K, reserved 1048576K
GC Heap History (9 events):
Event: 0.658 GC heap before
{Heap before GC invocations=0 (full 0):
 garbage-first heap   total 63488K, used 7168K [0x00000000c2a00000, 0x0000000100000000)
  region size 1024K, 7 young (7168K), 0 survivors (0K)
 Metaspace       used 5150K, capacity 5187K, committed 5376K, reserved 1056768K
  class space    used 485K, capacity 497K, committed 512K, reserved 1048576K
}
Event: 0.682 GC heap after
{Heap after GC invocations=1 (full 0):
 garbage-first heap   total 63488K, used 5860K [0x00000000c2a00000, 0x0000000100000000)
  region size 1024K, 1 young (1024K), 1 survivors (1024K)
 Metaspace       used 5150K, capacity 5187K, committed 5376K, reserved 1056768K
  class space    used 485K, capacity 497K, committed 512K, reserved 1048576K
}
Event: 0.963 GC heap before
{Heap before GC invocations=1 (full 0):
 garbage-first heap   total 63488K, used 7908K [0x00000000c2a00000, 0x0000000100000000)
  region size 1024K, 4 young (4096K), 1 survivors (1024K)
 Metaspace       used 7019K, capacity 7145K, committed 7168K, reserved 1056768K
  class space    used 699K, capacity 749K, committed 768K, reserved 1048576K
}
Event: 0.966 GC heap after
{Heap after GC invocations=2 (full 0):
 garbage-first heap   total 63488K, used 6886K [0x00000000c2a00000, 0x0000000100000000)
  region size 1024K, 1 young (1024K), 1 survivors (1024K)
 Metaspace       used 7019K, capacity 7145K, committed 7168K, reserved 1056768K
  class space    used 699K, capacity 749K, committed 768K, reserved 1048576K
}
Event: 2.257 GC heap before
{Heap before GC invocations=2 (full 0):
 garbage-first heap   total 63488K, used 20198K [0x00000000c2a00000, 0x0000000100000000)
  region size 1024K, 15 young (15360K), 1 survivors (1024K)
 Metaspace       used 11384K, capacity 11637K, committed 11904K, reserved 1060864K
  class space    used 1210K, capacity 1290K, committed 1408K, reserved 1048576K
}
Event: 2.264 GC heap after
{Heap after GC invocations=3 (full 0):
 garbage-first heap   total 63488K, used 8731K [0x00000000c2a00000, 0x0000000100000000)
  region size 1024K, 2 young (2048K), 2 survivors (2048K)
 Metaspace       used 11384K, capacity 11637K, committed 11904K, reserved 1060864K
  class space    used 1210K, capacity 1290K, committed 1408K, reserved 1048576K
}
Event: 9.481 GC heap before
{Heap before GC invocations=3 (full 0):
 garbage-first heap   total 63488K, used 26139K [0x00000000c2a00000, 0x0000000100000000)
  region size 1024K, 19 young (19456K), 2 survivors (2048K)
 Metaspace       used 16870K, capacity 17246K, committed 17408K, reserved 1064960K
  class space    used 1839K, capacity 1971K, committed 2048K, reserved 1048576K
}
Event: 9.500 GC heap after
{Heap after GC invocations=4 (full 0):
 garbage-first heap   total 63488K, used 10632K [0x00000000c2a00000, 0x0000000100000000)
  region size 1024K, 3 young (3072K), 3 survivors (3072K)
 Metaspace       used 16870K, capacity 17246K, committed 17408K, reserved 1064960K
  class space    used 1839K, capacity 1971K, committed 2048K, reserved 1048576K
}
Event: 12.537 GC heap before
{Heap before GC invocations=4 (full 0):
 garbage-first heap   total 63488K, used 31112K [0x00000000c2a00000, 0x0000000100000000)
  region size 1024K, 23 young (23552K), 3 survivors (3072K)
 Metaspace       used 17608K, capacity 17996K, committed 18304K, reserved 1064960K
  class space    used 1923K, capacity 2071K, committed 2176K, reserved 1048576K
}

